<?xml version="1.0" encoding="utf-8"?><testsuites name="pytest tests"><testsuite name="pytest" errors="0" failures="0" skipped="0" tests="8" time="0.236" timestamp="2026-09-20T21:28:55.296033+03:30" hostname="mhmd-lap"><testcase classname="tests.data_validation_test" name="test_data_not_empty" time="0.002" /><testcase classname="tests.data_validation_test" name="test_expected_columns_check" time="0.000" /><testcase classname="tests.data_validation_test" name="test_unexpected_columns" time="0.000" /><testcase classname="tests.data_validation_test" name="test_min_row_count" time="0.000" /><testcase classname="tests.data_validation_test" name="test_expected_columns" time="0.000" /><testcase classname="tests.data_validation_test" name="test_valid_outputs" time="0.000" /><testcase classname="tests.data_validation_test" name="test_feature_numeric_ranges" time="0.000" /><testcase classname="tests.data_validation_test" name="test_no_miss_values" time="0.000" /></testsuite></testsuites>